<?xml version="1.0" encoding="UTF-8"?>
<testsuite name="EdgeConnectorTest" tests="13" skipped="0" failures="0" errors="0" timestamp="2023-04-07T05:33:30" hostname="Catherines-MacBook-Pro-3.local" time="0.59">
  <properties/>
  <testcase name="testGetEndPoint1" classname="EdgeConnectorTest" time="0.578"/>
  <testcase name="testGetEndPoint2" classname="EdgeConnectorTest" time="0.001"/>
  <testcase name="testGetEndStyle1" classname="EdgeConnectorTest" time="0.001"/>
  <testcase name="testGetEndStyle2" classname="EdgeConnectorTest" time="0.001"/>
  <testcase name="testGetNumConnector" classname="EdgeConnectorTest" time="0.001"/>
  <testcase name="testGetIsEP1Field" classname="EdgeConnectorTest" time="0.001"/>
  <testcase name="testGetIsEP1Table" classname="EdgeConnectorTest" time="0.0"/>
  <testcase name="testGetIsEP2Field" classname="EdgeConnectorTest" time="0.0"/>
  <testcase name="testGetIsEP2Table" classname="EdgeConnectorTest" time="0.001"/>
  <testcase name="testSetIsEP1Field" classname="EdgeConnectorTest" time="0.001"/>
  <testcase name="testSetIsEP1Table" classname="EdgeConnectorTest" time="0.001"/>
  <testcase name="testSetIsEP2Field" classname="EdgeConnectorTest" time="0.001"/>
  <testcase name="testSetIsEP2Table" classname="EdgeConnectorTest" time="0.001"/>
  <system-out><![CDATA[01:33:30.810 [Test worker] INFO  timer.EdgeConnector - start _init
01:33:30.813 [Test worker] INFO  EdgeConnector - inputString: 1|2|3|testStyle1|testStyle2
01:33:30.813 [Test worker] INFO  timer.EdgeConnector - end _init
01:33:30.813 [Test worker] INFO  EdgeConnector - Getting EndPoint1: 2
01:33:30.814 [Test worker] INFO  timer.EdgeConnector - start _init
01:33:30.815 [Test worker] INFO  EdgeConnector - inputString: 1|2|3|testStyle1|testStyle2
01:33:30.815 [Test worker] INFO  timer.EdgeConnector - end _init
01:33:30.816 [Test worker] INFO  EdgeConnector - Getting EndPoint2: 3
01:33:30.816 [Test worker] INFO  timer.EdgeConnector - start _init
01:33:30.816 [Test worker] INFO  EdgeConnector - inputString: 1|2|3|testStyle1|testStyle2
01:33:30.816 [Test worker] INFO  timer.EdgeConnector - end _init
01:33:30.817 [Test worker] INFO  EdgeConnector - Getting EndStyle1: testStyle1
01:33:30.817 [Test worker] INFO  timer.EdgeConnector - start _init
01:33:30.817 [Test worker] INFO  EdgeConnector - inputString: 1|2|3|testStyle1|testStyle2
01:33:30.817 [Test worker] INFO  timer.EdgeConnector - end _init
01:33:30.818 [Test worker] INFO  EdgeConnector - Getting EndStyle2: testStyle2
01:33:30.818 [Test worker] INFO  timer.EdgeConnector - start _init
01:33:30.818 [Test worker] INFO  EdgeConnector - inputString: 1|2|3|testStyle1|testStyle2
01:33:30.818 [Test worker] INFO  timer.EdgeConnector - end _init
01:33:30.818 [Test worker] INFO  EdgeConnector - Getting Num Connector1
01:33:30.819 [Test worker] INFO  timer.EdgeConnector - start _init
01:33:30.819 [Test worker] INFO  EdgeConnector - inputString: 1|2|3|testStyle1|testStyle2
01:33:30.819 [Test worker] INFO  timer.EdgeConnector - end _init
01:33:30.819 [Test worker] INFO  EdgeConnector - Getting IsEP1Field: false
01:33:30.819 [Test worker] INFO  timer.EdgeConnector - start _init
01:33:30.820 [Test worker] INFO  EdgeConnector - inputString: 1|2|3|testStyle1|testStyle2
01:33:30.820 [Test worker] INFO  timer.EdgeConnector - end _init
01:33:30.820 [Test worker] INFO  EdgeConnector - Getting IsEP1Table: false
01:33:30.820 [Test worker] INFO  timer.EdgeConnector - start _init
01:33:30.821 [Test worker] INFO  EdgeConnector - inputString: 1|2|3|testStyle1|testStyle2
01:33:30.821 [Test worker] INFO  timer.EdgeConnector - end _init
01:33:30.821 [Test worker] INFO  EdgeConnector - Getting IsEP2Field: false
01:33:30.821 [Test worker] INFO  timer.EdgeConnector - start _init
01:33:30.821 [Test worker] INFO  EdgeConnector - inputString: 1|2|3|testStyle1|testStyle2
01:33:30.821 [Test worker] INFO  timer.EdgeConnector - end _init
01:33:30.822 [Test worker] INFO  EdgeConnector - Getting IsEP2Table: false
01:33:30.822 [Test worker] INFO  timer.EdgeConnector - start _init
01:33:30.822 [Test worker] INFO  EdgeConnector - inputString: 1|2|3|testStyle1|testStyle2
01:33:30.822 [Test worker] INFO  timer.EdgeConnector - end _init
01:33:30.823 [Test worker] INFO  EdgeConnector - Setting IsEP1Field 
01:33:30.823 [Test worker] DEBUG EdgeConnector - Setting to ... false
01:33:30.823 [Test worker] INFO  EdgeConnector - Getting IsEP1Field: false
01:33:30.823 [Test worker] INFO  timer.EdgeConnector - start _init
01:33:30.823 [Test worker] INFO  EdgeConnector - inputString: 1|2|3|testStyle1|testStyle2
01:33:30.824 [Test worker] INFO  timer.EdgeConnector - end _init
01:33:30.824 [Test worker] INFO  EdgeConnector - Setting IsEP1Table 
01:33:30.824 [Test worker] DEBUG EdgeConnector - Setting to ... false
01:33:30.824 [Test worker] INFO  EdgeConnector - Getting IsEP1Table: false
01:33:30.824 [Test worker] INFO  timer.EdgeConnector - start _init
01:33:30.824 [Test worker] INFO  EdgeConnector - inputString: 1|2|3|testStyle1|testStyle2
01:33:30.825 [Test worker] INFO  timer.EdgeConnector - end _init
01:33:30.825 [Test worker] INFO  EdgeConnector - Setting IsEP2Field 
01:33:30.825 [Test worker] DEBUG EdgeConnector - Setting to ... false
01:33:30.825 [Test worker] INFO  EdgeConnector - Getting IsEP2Field: false
01:33:30.825 [Test worker] INFO  timer.EdgeConnector - start _init
01:33:30.825 [Test worker] INFO  EdgeConnector - inputString: 1|2|3|testStyle1|testStyle2
01:33:30.825 [Test worker] INFO  timer.EdgeConnector - end _init
01:33:30.826 [Test worker] INFO  EdgeConnector - Setting IsEP2Table 
01:33:30.826 [Test worker] DEBUG EdgeConnector - Setting to ... false
01:33:30.826 [Test worker] INFO  EdgeConnector - Getting IsEP2Table: false
]]></system-out>
  <system-err><![CDATA[]]></system-err>
</testsuite>
