<?xml version="1.0" encoding="UTF-8"?>
<testsuite name="EdgeConnectorTest" tests="13" skipped="0" failures="0" errors="0" timestamp="2023-04-04T20:42:03" hostname="Catherines-MacBook-Pro-3.local" time="0.249">
  <properties/>
  <testcase name="testGetEndPoint1" classname="EdgeConnectorTest" time="0.236"/>
  <testcase name="testGetEndPoint2" classname="EdgeConnectorTest" time="0.001"/>
  <testcase name="testGetEndStyle1" classname="EdgeConnectorTest" time="0.001"/>
  <testcase name="testGetEndStyle2" classname="EdgeConnectorTest" time="0.0"/>
  <testcase name="testGetNumConnector" classname="EdgeConnectorTest" time="0.001"/>
  <testcase name="testGetIsEP1Field" classname="EdgeConnectorTest" time="0.001"/>
  <testcase name="testGetIsEP1Table" classname="EdgeConnectorTest" time="0.0"/>
  <testcase name="testGetIsEP2Field" classname="EdgeConnectorTest" time="0.001"/>
  <testcase name="testGetIsEP2Table" classname="EdgeConnectorTest" time="0.001"/>
  <testcase name="testSetIsEP1Field" classname="EdgeConnectorTest" time="0.003"/>
  <testcase name="testSetIsEP1Table" classname="EdgeConnectorTest" time="0.001"/>
  <testcase name="testSetIsEP2Field" classname="EdgeConnectorTest" time="0.0"/>
  <testcase name="testSetIsEP2Table" classname="EdgeConnectorTest" time="0.0"/>
  <system-out><![CDATA[16:42:03.935 [Test worker] INFO  timer.EdgeConnector - start _init
16:42:03.936 [Test worker] INFO  EdgeConnector - inputString: 1|2|3|testStyle1|testStyle2
16:42:03.936 [Test worker] INFO  timer.EdgeConnector - end _init
16:42:03.937 [Test worker] INFO  EdgeConnector - Getting EndPoint1: 2
16:42:03.937 [Test worker] INFO  timer.EdgeConnector - start _init
16:42:03.938 [Test worker] INFO  EdgeConnector - inputString: 1|2|3|testStyle1|testStyle2
16:42:03.938 [Test worker] INFO  timer.EdgeConnector - end _init
16:42:03.938 [Test worker] INFO  EdgeConnector - Getting EndPoint2: 3
16:42:03.939 [Test worker] INFO  timer.EdgeConnector - start _init
16:42:03.939 [Test worker] INFO  EdgeConnector - inputString: 1|2|3|testStyle1|testStyle2
16:42:03.939 [Test worker] INFO  timer.EdgeConnector - end _init
16:42:03.939 [Test worker] INFO  EdgeConnector - Getting EndStyle1: testStyle1
16:42:03.939 [Test worker] INFO  timer.EdgeConnector - start _init
16:42:03.939 [Test worker] INFO  EdgeConnector - inputString: 1|2|3|testStyle1|testStyle2
16:42:03.939 [Test worker] INFO  timer.EdgeConnector - end _init
16:42:03.940 [Test worker] INFO  EdgeConnector - Getting EndStyle2: testStyle2
16:42:03.940 [Test worker] INFO  timer.EdgeConnector - start _init
16:42:03.940 [Test worker] INFO  EdgeConnector - inputString: 1|2|3|testStyle1|testStyle2
16:42:03.940 [Test worker] INFO  timer.EdgeConnector - end _init
16:42:03.940 [Test worker] INFO  EdgeConnector - Getting Num Connector1
16:42:03.940 [Test worker] INFO  timer.EdgeConnector - start _init
16:42:03.940 [Test worker] INFO  EdgeConnector - inputString: 1|2|3|testStyle1|testStyle2
16:42:03.941 [Test worker] INFO  timer.EdgeConnector - end _init
16:42:03.941 [Test worker] INFO  EdgeConnector - Getting IsEP1Field: false
16:42:03.941 [Test worker] INFO  timer.EdgeConnector - start _init
16:42:03.941 [Test worker] INFO  EdgeConnector - inputString: 1|2|3|testStyle1|testStyle2
16:42:03.942 [Test worker] INFO  timer.EdgeConnector - end _init
16:42:03.942 [Test worker] INFO  EdgeConnector - Getting IsEP1Table: false
16:42:03.942 [Test worker] INFO  timer.EdgeConnector - start _init
16:42:03.942 [Test worker] INFO  EdgeConnector - inputString: 1|2|3|testStyle1|testStyle2
16:42:03.942 [Test worker] INFO  timer.EdgeConnector - end _init
16:42:03.942 [Test worker] INFO  EdgeConnector - Getting IsEP2Field: false
16:42:03.943 [Test worker] INFO  timer.EdgeConnector - start _init
16:42:03.943 [Test worker] INFO  EdgeConnector - inputString: 1|2|3|testStyle1|testStyle2
16:42:03.943 [Test worker] INFO  timer.EdgeConnector - end _init
16:42:03.943 [Test worker] INFO  EdgeConnector - Getting IsEP2Table: false
16:42:03.944 [Test worker] INFO  timer.EdgeConnector - start _init
16:42:03.944 [Test worker] INFO  EdgeConnector - inputString: 1|2|3|testStyle1|testStyle2
16:42:03.945 [Test worker] INFO  timer.EdgeConnector - end _init
16:42:03.946 [Test worker] INFO  EdgeConnector - Setting IsEP1Field 
16:42:03.946 [Test worker] DEBUG EdgeConnector - Setting to ... false
16:42:03.946 [Test worker] INFO  EdgeConnector - Getting IsEP1Field: false
16:42:03.947 [Test worker] INFO  timer.EdgeConnector - start _init
16:42:03.947 [Test worker] INFO  EdgeConnector - inputString: 1|2|3|testStyle1|testStyle2
16:42:03.947 [Test worker] INFO  timer.EdgeConnector - end _init
16:42:03.947 [Test worker] INFO  EdgeConnector - Setting IsEP1Table 
16:42:03.947 [Test worker] DEBUG EdgeConnector - Setting to ... false
16:42:03.947 [Test worker] INFO  EdgeConnector - Getting IsEP1Table: false
16:42:03.948 [Test worker] INFO  timer.EdgeConnector - start _init
16:42:03.948 [Test worker] INFO  EdgeConnector - inputString: 1|2|3|testStyle1|testStyle2
16:42:03.948 [Test worker] INFO  timer.EdgeConnector - end _init
16:42:03.949 [Test worker] INFO  EdgeConnector - Setting IsEP2Field 
16:42:03.949 [Test worker] DEBUG EdgeConnector - Setting to ... false
16:42:03.949 [Test worker] INFO  EdgeConnector - Getting IsEP2Field: false
16:42:03.949 [Test worker] INFO  timer.EdgeConnector - start _init
16:42:03.949 [Test worker] INFO  EdgeConnector - inputString: 1|2|3|testStyle1|testStyle2
16:42:03.949 [Test worker] INFO  timer.EdgeConnector - end _init
16:42:03.949 [Test worker] INFO  EdgeConnector - Setting IsEP2Table 
16:42:03.949 [Test worker] DEBUG EdgeConnector - Setting to ... false
16:42:03.950 [Test worker] INFO  EdgeConnector - Getting IsEP2Table: false
]]></system-out>
  <system-err><![CDATA[]]></system-err>
</testsuite>
