<?xml version="1.0" encoding="UTF-8"?>
<testsuite name="EdgeConnectorTest" tests="13" skipped="0" failures="0" errors="0" timestamp="2023-04-04T21:42:22" hostname="Catherines-MacBook-Pro-3.local" time="0.254">
  <properties/>
  <testcase name="testGetEndPoint1" classname="EdgeConnectorTest" time="0.247"/>
  <testcase name="testGetEndPoint2" classname="EdgeConnectorTest" time="0.001"/>
  <testcase name="testGetEndStyle1" classname="EdgeConnectorTest" time="0.0"/>
  <testcase name="testGetEndStyle2" classname="EdgeConnectorTest" time="0.001"/>
  <testcase name="testGetNumConnector" classname="EdgeConnectorTest" time="0.0"/>
  <testcase name="testGetIsEP1Field" classname="EdgeConnectorTest" time="0.001"/>
  <testcase name="testGetIsEP1Table" classname="EdgeConnectorTest" time="0.0"/>
  <testcase name="testGetIsEP2Field" classname="EdgeConnectorTest" time="0.001"/>
  <testcase name="testGetIsEP2Table" classname="EdgeConnectorTest" time="0.0"/>
  <testcase name="testSetIsEP1Field" classname="EdgeConnectorTest" time="0.001"/>
  <testcase name="testSetIsEP1Table" classname="EdgeConnectorTest" time="0.001"/>
  <testcase name="testSetIsEP2Field" classname="EdgeConnectorTest" time="0.0"/>
  <testcase name="testSetIsEP2Table" classname="EdgeConnectorTest" time="0.001"/>
  <system-out><![CDATA[17:42:22.419 [Test worker] INFO  timer.EdgeConnector - start _init
17:42:22.421 [Test worker] INFO  EdgeConnector - inputString: 1|2|3|testStyle1|testStyle2
17:42:22.421 [Test worker] INFO  timer.EdgeConnector - end _init
17:42:22.422 [Test worker] INFO  EdgeConnector - Getting EndPoint1: 2
17:42:22.422 [Test worker] INFO  timer.EdgeConnector - start _init
17:42:22.422 [Test worker] INFO  EdgeConnector - inputString: 1|2|3|testStyle1|testStyle2
17:42:22.422 [Test worker] INFO  timer.EdgeConnector - end _init
17:42:22.423 [Test worker] INFO  EdgeConnector - Getting EndPoint2: 3
17:42:22.423 [Test worker] INFO  timer.EdgeConnector - start _init
17:42:22.423 [Test worker] INFO  EdgeConnector - inputString: 1|2|3|testStyle1|testStyle2
17:42:22.423 [Test worker] INFO  timer.EdgeConnector - end _init
17:42:22.423 [Test worker] INFO  EdgeConnector - Getting EndStyle1: testStyle1
17:42:22.423 [Test worker] INFO  timer.EdgeConnector - start _init
17:42:22.424 [Test worker] INFO  EdgeConnector - inputString: 1|2|3|testStyle1|testStyle2
17:42:22.424 [Test worker] INFO  timer.EdgeConnector - end _init
17:42:22.424 [Test worker] INFO  EdgeConnector - Getting EndStyle2: testStyle2
17:42:22.424 [Test worker] INFO  timer.EdgeConnector - start _init
17:42:22.424 [Test worker] INFO  EdgeConnector - inputString: 1|2|3|testStyle1|testStyle2
17:42:22.424 [Test worker] INFO  timer.EdgeConnector - end _init
17:42:22.424 [Test worker] INFO  EdgeConnector - Getting Num Connector1
17:42:22.424 [Test worker] INFO  timer.EdgeConnector - start _init
17:42:22.424 [Test worker] INFO  EdgeConnector - inputString: 1|2|3|testStyle1|testStyle2
17:42:22.424 [Test worker] INFO  timer.EdgeConnector - end _init
17:42:22.425 [Test worker] INFO  EdgeConnector - Getting IsEP1Field: false
17:42:22.425 [Test worker] INFO  timer.EdgeConnector - start _init
17:42:22.425 [Test worker] INFO  EdgeConnector - inputString: 1|2|3|testStyle1|testStyle2
17:42:22.425 [Test worker] INFO  timer.EdgeConnector - end _init
17:42:22.425 [Test worker] INFO  EdgeConnector - Getting IsEP1Table: false
17:42:22.426 [Test worker] INFO  timer.EdgeConnector - start _init
17:42:22.426 [Test worker] INFO  EdgeConnector - inputString: 1|2|3|testStyle1|testStyle2
17:42:22.426 [Test worker] INFO  timer.EdgeConnector - end _init
17:42:22.426 [Test worker] INFO  EdgeConnector - Getting IsEP2Field: false
17:42:22.426 [Test worker] INFO  timer.EdgeConnector - start _init
17:42:22.426 [Test worker] INFO  EdgeConnector - inputString: 1|2|3|testStyle1|testStyle2
17:42:22.426 [Test worker] INFO  timer.EdgeConnector - end _init
17:42:22.426 [Test worker] INFO  EdgeConnector - Getting IsEP2Table: false
17:42:22.427 [Test worker] INFO  timer.EdgeConnector - start _init
17:42:22.427 [Test worker] INFO  EdgeConnector - inputString: 1|2|3|testStyle1|testStyle2
17:42:22.427 [Test worker] INFO  timer.EdgeConnector - end _init
17:42:22.427 [Test worker] INFO  EdgeConnector - Setting IsEP1Field 
17:42:22.427 [Test worker] DEBUG EdgeConnector - Setting to ... false
17:42:22.427 [Test worker] INFO  EdgeConnector - Getting IsEP1Field: false
17:42:22.427 [Test worker] INFO  timer.EdgeConnector - start _init
17:42:22.427 [Test worker] INFO  EdgeConnector - inputString: 1|2|3|testStyle1|testStyle2
17:42:22.427 [Test worker] INFO  timer.EdgeConnector - end _init
17:42:22.428 [Test worker] INFO  EdgeConnector - Setting IsEP1Table 
17:42:22.428 [Test worker] DEBUG EdgeConnector - Setting to ... false
17:42:22.428 [Test worker] INFO  EdgeConnector - Getting IsEP1Table: false
17:42:22.428 [Test worker] INFO  timer.EdgeConnector - start _init
17:42:22.428 [Test worker] INFO  EdgeConnector - inputString: 1|2|3|testStyle1|testStyle2
17:42:22.428 [Test worker] INFO  timer.EdgeConnector - end _init
17:42:22.428 [Test worker] INFO  EdgeConnector - Setting IsEP2Field 
17:42:22.428 [Test worker] DEBUG EdgeConnector - Setting to ... false
17:42:22.428 [Test worker] INFO  EdgeConnector - Getting IsEP2Field: false
17:42:22.428 [Test worker] INFO  timer.EdgeConnector - start _init
17:42:22.429 [Test worker] INFO  EdgeConnector - inputString: 1|2|3|testStyle1|testStyle2
17:42:22.429 [Test worker] INFO  timer.EdgeConnector - end _init
17:42:22.429 [Test worker] INFO  EdgeConnector - Setting IsEP2Table 
17:42:22.429 [Test worker] DEBUG EdgeConnector - Setting to ... false
17:42:22.429 [Test worker] INFO  EdgeConnector - Getting IsEP2Table: false
]]></system-out>
  <system-err><![CDATA[]]></system-err>
</testsuite>
